Determining if the pthread_create exist failed with the following output:
Change Dir: /home/khaled/project4_Map_My_World/build/CMakeFiles/CMakeTmp

Run Build Command:"/usr/bin/make" "cmTC_fc29a/fast"
/usr/bin/make -f CMakeFiles/cmTC_fc29a.dir/build.make CMakeFiles/cmTC_fc29a.dir/build
make[1]: Entering directory '/home/khaled/project4_Map_My_World/build/CMakeFiles/CMakeTmp'
Building C object CMakeFiles/cmTC_fc29a.dir/CheckSymbolExists.c.o
/usr/bin/cc     -o CMakeFiles/cmTC_fc29a.dir/CheckSymbolExists.c.o   -c /home/khaled/project4_Map_My_World/build/CMakeFiles/CMakeTmp/CheckSymbolExists.c
Linking C executable cmTC_fc29a
/usr/bin/cmake -E cmake_link_script CMakeFiles/cmTC_fc29a.dir/link.txt --verbose=1
/usr/bin/cc       CMakeFiles/cmTC_fc29a.dir/CheckSymbolExists.c.o  -o cmTC_fc29a -rdynamic 
CMakeFiles/cmTC_fc29a.dir/CheckSymbolExists.c.o: In function `main':
CheckSymbolExists.c:(.text+0x16): undefined reference to `pthread_create'
collect2: error: ld returned 1 exit status
CMakeFiles/cmTC_fc29a.dir/build.make:97: recipe for target 'cmTC_fc29a' failed
make[1]: *** [cmTC_fc29a] Error 1
make[1]: Leaving directory '/home/khaled/project4_Map_My_World/build/CMakeFiles/CMakeTmp'
Makefile:126: recipe for target 'cmTC_fc29a/fast' failed
make: *** [cmTC_fc29a/fast] Error 2

File /home/khaled/project4_Map_My_World/build/CMakeFiles/CMakeTmp/CheckSymbolExists.c:
/* */
#include <pthread.h>

int main(int argc, char** argv)
{
  (void)argv;
#ifndef pthread_create
  return ((int*)(&pthread_create))[argc];
#else
  (void)argc;
  return 0;
#endif
}

Determining if the function pthread_create exists in the pthreads failed with the following output:
Change Dir: /home/khaled/project4_Map_My_World/build/CMakeFiles/CMakeTmp

Run Build Command:"/usr/bin/make" "cmTC_139ad/fast"
/usr/bin/make -f CMakeFiles/cmTC_139ad.dir/build.make CMakeFiles/cmTC_139ad.dir/build
make[1]: Entering directory '/home/khaled/project4_Map_My_World/build/CMakeFiles/CMakeTmp'
Building C object CMakeFiles/cmTC_139ad.dir/CheckFunctionExists.c.o
/usr/bin/cc    -DCHECK_FUNCTION_EXISTS=pthread_create   -o CMakeFiles/cmTC_139ad.dir/CheckFunctionExists.c.o   -c /usr/share/cmake-3.5/Modules/CheckFunctionExists.c
Linking C executable cmTC_139ad
/usr/bin/cmake -E cmake_link_script CMakeFiles/cmTC_139ad.dir/link.txt --verbose=1
/usr/bin/cc   -DCHECK_FUNCTION_EXISTS=pthread_create    CMakeFiles/cmTC_139ad.dir/CheckFunctionExists.c.o  -o cmTC_139ad -rdynamic -lpthreads 
/usr/bin/ld: cannot find -lpthreads
collect2: error: ld returned 1 exit status
CMakeFiles/cmTC_139ad.dir/build.make:97: recipe for target 'cmTC_139ad' failed
make[1]: *** [cmTC_139ad] Error 1
make[1]: Leaving directory '/home/khaled/project4_Map_My_World/build/CMakeFiles/CMakeTmp'
Makefile:126: recipe for target 'cmTC_139ad/fast' failed
make: *** [cmTC_139ad/fast] Error 2


